<?xml version='1.0' encoding='UTF-8'?>
<testsuite hostname="DESKTOP-S91M1H0" name="edu.yourorg.msr.search.SearchCliIntegrationSpec" tests="1" errors="0" failures="0" skipped="0" time="1.915" timestamp="2025-11-03T07:56:14">
          <properties>
[...]
</properties>
          <testcase classname="edu.yourorg.msr.search.SearchCliIntegrationSpec" name="query embedding size matches model and cosine is bounded" time="1.915">
                      
                    </testcase>
          <system-out><![CDATA[]]></system-out>
          <system-err><![CDATA[]]></system-err>
        </testsuite>